<?xml version="1.0" encoding="utf-8"?><testsuites name="pytest tests"><testsuite name="pytest" errors="0" failures="0" skipped="0" tests="23" time="14.829" timestamp="2026-06-18T13:22:41.807942+00:00" hostname="agent-env-1ad4798d-5d43-4f1f-b7c5-263c07710089"><testcase classname="backend.tests.test_iteration2.TestAuth" name="test_auth_session_invalid_id_returns_401" time="0.265" /><testcase classname="backend.tests.test_iteration2.TestAuth" name="test_auth_session_missing_id_returns_400" time="0.049" /><testcase classname="backend.tests.test_iteration2.TestAuth" name="test_auth_me_without_token_returns_401" time="0.174" /><testcase classname="backend.tests.test_iteration2.TestAuth" name="test_auth_me_with_admin_token" time="0.047" /><testcase classname="backend.tests.test_iteration2.TestAuth" name="test_auth_me_with_nonadmin_token" time="0.047" /><testcase classname="backend.tests.test_iteration2.TestProductsImages" name="test_products_image_points_to_api_files" time="0.050" /><testcase classname="backend.tests.test_iteration2.TestProductsImages" name="test_products_images_serve_with_image_content_type" time="1.027" /><testcase classname="backend.tests.test_iteration2.TestProductsImages" name="test_files_unknown_id_returns_404" time="0.043" /><testcase classname="backend.tests.test_iteration2.TestUpload" name="test_upload_small_artwork" time="0.307" /><testcase classname="backend.tests.test_iteration2.TestUpload" name="test_upload_too_large_returns_413" time="0.761" /><testcase classname="backend.tests.test_iteration2.TestOrderArtwork" name="test_order_with_artwork_url_persists" time="0.048" /><testcase classname="backend.tests.test_iteration2.TestAdminRBAC" name="test_admin_orders_without_token_401" time="0.045" /><testcase classname="backend.tests.test_iteration2.TestAdminRBAC" name="test_admin_orders_with_nonadmin_403" time="0.046" /><testcase classname="backend.tests.test_iteration2.TestAdminRBAC" name="test_admin_orders_with_admin_200" time="0.044" /><testcase classname="backend.tests.test_iteration2.TestAdminRBAC" name="test_admin_contacts_with_admin_200" time="0.044" /><testcase classname="backend.tests.test_iteration2.TestAdminProductsCRUD" name="test_create_product" time="0.113" /><testcase classname="backend.tests.test_iteration2.TestAdminProductsCRUD" name="test_update_product" time="0.089" /><testcase classname="backend.tests.test_iteration2.TestAdminProductsCRUD" name="test_delete_product" time="0.088" /><testcase classname="backend.tests.test_iteration2.TestAdminProductsCRUD" name="test_admin_create_without_token_401" time="0.043" /><testcase classname="backend.tests.test_iteration2.TestAdminGalleryCRUD" name="test_create_gallery" time="0.044" /><testcase classname="backend.tests.test_iteration2.TestAdminGalleryCRUD" name="test_update_gallery" time="0.045" /><testcase classname="backend.tests.test_iteration2.TestAdminGalleryCRUD" name="test_delete_gallery" time="0.048" /><testcase classname="backend.tests.test_iteration2.TestMockup" name="test_generate_mockup" time="11.269" /></testsuite></testsuites>