<?xml version="1.0" encoding="utf-8"?><testsuites name="pytest tests"><testsuite name="pytest" errors="0" failures="0" skipped="0" tests="8" time="0.812" timestamp="2026-06-18T13:05:21.037673+00:00" hostname="agent-env-1ad4798d-5d43-4f1f-b7c5-263c07710089"><testcase classname="backend.tests.backend_test.TestProducts" name="test_list_products_returns_four_with_full_schema" time="0.224" /><testcase classname="backend.tests.backend_test.TestProducts" name="test_get_product_by_id" time="0.052" /><testcase classname="backend.tests.backend_test.TestProducts" name="test_get_unknown_product_returns_404" time="0.046" /><testcase classname="backend.tests.backend_test.TestGallery" name="test_gallery_list" time="0.048" /><testcase classname="backend.tests.backend_test.TestGallery" name="test_gallery_filter_tshirts" time="0.050" /><testcase classname="backend.tests.backend_test.TestGallery" name="test_gallery_filter_all_returns_all" time="0.094" /><testcase classname="backend.tests.backend_test.TestOrders" name="test_create_order_persists_and_returns_full_payload" time="0.097" /><testcase classname="backend.tests.backend_test.TestContact" name="test_create_contact" time="0.058" /></testsuite></testsuites>